{"/home/ales/repos/hash-map/src/index.js": {"path":"/home/ales/repos/hash-map/src/index.js","all":false,"statementMap":{"0":{"start":{"line":1,"column":0},"end":{"line":1,"column":21}},"1":{"start":{"line":2,"column":0},"end":{"line":2,"column":0}},"2":{"start":{"line":3,"column":0},"end":{"line":3,"column":15}},"3":{"start":{"line":4,"column":0},"end":{"line":4,"column":34}},"4":{"start":{"line":5,"column":0},"end":{"line":5,"column":37}},"5":{"start":{"line":6,"column":0},"end":{"line":6,"column":22}},"6":{"start":{"line":7,"column":0},"end":{"line":7,"column":25}},"7":{"start":{"line":8,"column":0},"end":{"line":8,"column":24}},"8":{"start":{"line":9,"column":0},"end":{"line":9,"column":53}},"9":{"start":{"line":10,"column":0},"end":{"line":10,"column":3}},"10":{"start":{"line":11,"column":0},"end":{"line":11,"column":41}},"11":{"start":{"line":12,"column":0},"end":{"line":12,"column":21}},"12":{"start":{"line":13,"column":0},"end":{"line":13,"column":0}},"13":{"start":{"line":14,"column":0},"end":{"line":14,"column":27}},"14":{"start":{"line":15,"column":0},"end":{"line":15,"column":45}},"15":{"start":{"line":16,"column":0},"end":{"line":16,"column":63}},"16":{"start":{"line":17,"column":0},"end":{"line":17,"column":5}},"17":{"start":{"line":18,"column":0},"end":{"line":18,"column":0}},"18":{"start":{"line":19,"column":0},"end":{"line":19,"column":26}},"19":{"start":{"line":20,"column":0},"end":{"line":20,"column":3}},"20":{"start":{"line":21,"column":0},"end":{"line":21,"column":21}},"21":{"start":{"line":22,"column":0},"end":{"line":22,"column":50}},"22":{"start":{"line":23,"column":0},"end":{"line":23,"column":18}},"23":{"start":{"line":24,"column":0},"end":{"line":24,"column":12}},"24":{"start":{"line":25,"column":0},"end":{"line":25,"column":19}},"25":{"start":{"line":26,"column":0},"end":{"line":26,"column":5}},"26":{"start":{"line":27,"column":0},"end":{"line":27,"column":3}},"27":{"start":{"line":28,"column":0},"end":{"line":28,"column":23}},"28":{"start":{"line":29,"column":0},"end":{"line":29,"column":38}},"29":{"start":{"line":30,"column":0},"end":{"line":30,"column":17}},"30":{"start":{"line":31,"column":0},"end":{"line":31,"column":27}},"31":{"start":{"line":32,"column":0},"end":{"line":32,"column":53}},"32":{"start":{"line":33,"column":0},"end":{"line":33,"column":39}},"33":{"start":{"line":34,"column":0},"end":{"line":34,"column":39}},"34":{"start":{"line":35,"column":0},"end":{"line":35,"column":7}},"35":{"start":{"line":36,"column":0},"end":{"line":36,"column":3}},"36":{"start":{"line":37,"column":0},"end":{"line":37,"column":28}},"37":{"start":{"line":38,"column":0},"end":{"line":38,"column":38}},"38":{"start":{"line":39,"column":0},"end":{"line":39,"column":3}},"39":{"start":{"line":40,"column":0},"end":{"line":40,"column":19}},"40":{"start":{"line":41,"column":0},"end":{"line":41,"column":47}},"41":{"start":{"line":42,"column":0},"end":{"line":42,"column":31}},"42":{"start":{"line":43,"column":0},"end":{"line":43,"column":44}},"43":{"start":{"line":44,"column":0},"end":{"line":44,"column":37}},"44":{"start":{"line":45,"column":0},"end":{"line":45,"column":33}},"45":{"start":{"line":46,"column":0},"end":{"line":46,"column":32}},"46":{"start":{"line":47,"column":0},"end":{"line":47,"column":12}},"47":{"start":{"line":48,"column":0},"end":{"line":48,"column":33}},"48":{"start":{"line":49,"column":0},"end":{"line":49,"column":48}},"49":{"start":{"line":50,"column":0},"end":{"line":50,"column":34}},"50":{"start":{"line":51,"column":0},"end":{"line":51,"column":39}},"51":{"start":{"line":52,"column":0},"end":{"line":52,"column":34}},"52":{"start":{"line":53,"column":0},"end":{"line":53,"column":9}},"53":{"start":{"line":54,"column":0},"end":{"line":54,"column":9}},"54":{"start":{"line":55,"column":0},"end":{"line":55,"column":28}},"55":{"start":{"line":56,"column":0},"end":{"line":56,"column":41}},"56":{"start":{"line":57,"column":0},"end":{"line":57,"column":35}},"57":{"start":{"line":58,"column":0},"end":{"line":58,"column":7}},"58":{"start":{"line":59,"column":0},"end":{"line":59,"column":5}},"59":{"start":{"line":60,"column":0},"end":{"line":60,"column":40}},"60":{"start":{"line":61,"column":0},"end":{"line":61,"column":33}},"61":{"start":{"line":62,"column":0},"end":{"line":62,"column":31}},"62":{"start":{"line":63,"column":0},"end":{"line":63,"column":5}},"63":{"start":{"line":64,"column":0},"end":{"line":64,"column":3}},"64":{"start":{"line":65,"column":0},"end":{"line":65,"column":12}},"65":{"start":{"line":66,"column":0},"end":{"line":66,"column":31}},"66":{"start":{"line":67,"column":0},"end":{"line":67,"column":44}},"67":{"start":{"line":68,"column":0},"end":{"line":68,"column":45}},"68":{"start":{"line":69,"column":0},"end":{"line":69,"column":49}},"69":{"start":{"line":70,"column":0},"end":{"line":70,"column":46}},"70":{"start":{"line":71,"column":0},"end":{"line":71,"column":16}},"71":{"start":{"line":72,"column":0},"end":{"line":72,"column":22}},"72":{"start":{"line":73,"column":0},"end":{"line":73,"column":9}},"73":{"start":{"line":74,"column":0},"end":{"line":74,"column":14}},"74":{"start":{"line":75,"column":0},"end":{"line":75,"column":35}},"75":{"start":{"line":76,"column":0},"end":{"line":76,"column":50}},"76":{"start":{"line":77,"column":0},"end":{"line":77,"column":36}},"77":{"start":{"line":78,"column":0},"end":{"line":78,"column":36}},"78":{"start":{"line":79,"column":0},"end":{"line":79,"column":33}},"79":{"start":{"line":80,"column":0},"end":{"line":80,"column":11}},"80":{"start":{"line":81,"column":0},"end":{"line":81,"column":32}},"81":{"start":{"line":82,"column":0},"end":{"line":82,"column":24}},"82":{"start":{"line":83,"column":0},"end":{"line":83,"column":11}},"83":{"start":{"line":84,"column":0},"end":{"line":84,"column":11}},"84":{"start":{"line":85,"column":0},"end":{"line":85,"column":7}},"85":{"start":{"line":86,"column":0},"end":{"line":86,"column":12}},"86":{"start":{"line":87,"column":0},"end":{"line":87,"column":18}},"87":{"start":{"line":88,"column":0},"end":{"line":88,"column":5}},"88":{"start":{"line":89,"column":0},"end":{"line":89,"column":3}},"89":{"start":{"line":90,"column":0},"end":{"line":90,"column":12}},"90":{"start":{"line":91,"column":0},"end":{"line":91,"column":31}},"91":{"start":{"line":92,"column":0},"end":{"line":92,"column":44}},"92":{"start":{"line":93,"column":0},"end":{"line":93,"column":45}},"93":{"start":{"line":94,"column":0},"end":{"line":94,"column":49}},"94":{"start":{"line":95,"column":0},"end":{"line":95,"column":22}},"95":{"start":{"line":96,"column":0},"end":{"line":96,"column":16}},"96":{"start":{"line":97,"column":0},"end":{"line":97,"column":23}},"97":{"start":{"line":98,"column":0},"end":{"line":98,"column":9}},"98":{"start":{"line":99,"column":0},"end":{"line":99,"column":14}},"99":{"start":{"line":100,"column":0},"end":{"line":100,"column":35}},"100":{"start":{"line":101,"column":0},"end":{"line":101,"column":50}},"101":{"start":{"line":102,"column":0},"end":{"line":102,"column":36}},"102":{"start":{"line":103,"column":0},"end":{"line":103,"column":36}},"103":{"start":{"line":104,"column":0},"end":{"line":104,"column":24}},"104":{"start":{"line":105,"column":0},"end":{"line":105,"column":11}},"105":{"start":{"line":106,"column":0},"end":{"line":106,"column":32}},"106":{"start":{"line":107,"column":0},"end":{"line":107,"column":25}},"107":{"start":{"line":108,"column":0},"end":{"line":108,"column":11}},"108":{"start":{"line":109,"column":0},"end":{"line":109,"column":11}},"109":{"start":{"line":110,"column":0},"end":{"line":110,"column":7}},"110":{"start":{"line":111,"column":0},"end":{"line":111,"column":12}},"111":{"start":{"line":112,"column":0},"end":{"line":112,"column":19}},"112":{"start":{"line":113,"column":0},"end":{"line":113,"column":5}},"113":{"start":{"line":114,"column":0},"end":{"line":114,"column":3}},"114":{"start":{"line":115,"column":0},"end":{"line":115,"column":15}},"115":{"start":{"line":116,"column":0},"end":{"line":116,"column":31}},"116":{"start":{"line":117,"column":0},"end":{"line":117,"column":44}},"117":{"start":{"line":118,"column":0},"end":{"line":118,"column":45}},"118":{"start":{"line":119,"column":0},"end":{"line":119,"column":49}},"119":{"start":{"line":120,"column":0},"end":{"line":120,"column":37}},"120":{"start":{"line":121,"column":0},"end":{"line":121,"column":36}},"121":{"start":{"line":122,"column":0},"end":{"line":122,"column":42}},"122":{"start":{"line":123,"column":0},"end":{"line":123,"column":9}},"123":{"start":{"line":124,"column":0},"end":{"line":124,"column":14}},"124":{"start":{"line":125,"column":0},"end":{"line":125,"column":55}},"125":{"start":{"line":126,"column":0},"end":{"line":126,"column":36}},"126":{"start":{"line":127,"column":0},"end":{"line":127,"column":39}},"127":{"start":{"line":128,"column":0},"end":{"line":128,"column":11}},"128":{"start":{"line":129,"column":0},"end":{"line":129,"column":37}},"129":{"start":{"line":130,"column":0},"end":{"line":130,"column":11}},"130":{"start":{"line":131,"column":0},"end":{"line":131,"column":7}},"131":{"start":{"line":132,"column":0},"end":{"line":132,"column":5}},"132":{"start":{"line":133,"column":0},"end":{"line":133,"column":3}},"133":{"start":{"line":134,"column":0},"end":{"line":134,"column":11}},"134":{"start":{"line":135,"column":0},"end":{"line":135,"column":63}},"135":{"start":{"line":136,"column":0},"end":{"line":136,"column":46}},"136":{"start":{"line":137,"column":0},"end":{"line":137,"column":40}},"137":{"start":{"line":138,"column":0},"end":{"line":138,"column":7}},"138":{"start":{"line":139,"column":0},"end":{"line":139,"column":5}},"139":{"start":{"line":140,"column":0},"end":{"line":140,"column":27}},"140":{"start":{"line":141,"column":0},"end":{"line":141,"column":25}},"141":{"start":{"line":142,"column":0},"end":{"line":142,"column":24}},"142":{"start":{"line":143,"column":0},"end":{"line":143,"column":53}},"143":{"start":{"line":144,"column":0},"end":{"line":144,"column":3}},"144":{"start":{"line":145,"column":0},"end":{"line":145,"column":10}},"145":{"start":{"line":146,"column":0},"end":{"line":146,"column":24}},"146":{"start":{"line":147,"column":0},"end":{"line":147,"column":63}},"147":{"start":{"line":148,"column":0},"end":{"line":148,"column":46}},"148":{"start":{"line":149,"column":0},"end":{"line":149,"column":47}},"149":{"start":{"line":150,"column":0},"end":{"line":150,"column":54}},"150":{"start":{"line":151,"column":0},"end":{"line":151,"column":16}},"151":{"start":{"line":152,"column":0},"end":{"line":152,"column":52}},"152":{"start":{"line":153,"column":0},"end":{"line":153,"column":41}},"153":{"start":{"line":154,"column":0},"end":{"line":154,"column":13}},"154":{"start":{"line":155,"column":0},"end":{"line":155,"column":9}},"155":{"start":{"line":156,"column":0},"end":{"line":156,"column":7}},"156":{"start":{"line":157,"column":0},"end":{"line":157,"column":5}},"157":{"start":{"line":158,"column":0},"end":{"line":158,"column":32}},"158":{"start":{"line":159,"column":0},"end":{"line":159,"column":24}},"159":{"start":{"line":160,"column":0},"end":{"line":160,"column":5}},"160":{"start":{"line":161,"column":0},"end":{"line":161,"column":3}},"161":{"start":{"line":162,"column":0},"end":{"line":162,"column":12}},"162":{"start":{"line":163,"column":0},"end":{"line":163,"column":24}},"163":{"start":{"line":164,"column":0},"end":{"line":164,"column":63}},"164":{"start":{"line":165,"column":0},"end":{"line":165,"column":46}},"165":{"start":{"line":166,"column":0},"end":{"line":166,"column":47}},"166":{"start":{"line":167,"column":0},"end":{"line":167,"column":56}},"167":{"start":{"line":168,"column":0},"end":{"line":168,"column":16}},"168":{"start":{"line":169,"column":0},"end":{"line":169,"column":52}},"169":{"start":{"line":170,"column":0},"end":{"line":170,"column":43}},"170":{"start":{"line":171,"column":0},"end":{"line":171,"column":13}},"171":{"start":{"line":172,"column":0},"end":{"line":172,"column":9}},"172":{"start":{"line":173,"column":0},"end":{"line":173,"column":7}},"173":{"start":{"line":174,"column":0},"end":{"line":174,"column":5}},"174":{"start":{"line":175,"column":0},"end":{"line":175,"column":32}},"175":{"start":{"line":176,"column":0},"end":{"line":176,"column":24}},"176":{"start":{"line":177,"column":0},"end":{"line":177,"column":5}},"177":{"start":{"line":178,"column":0},"end":{"line":178,"column":3}},"178":{"start":{"line":179,"column":0},"end":{"line":179,"column":13}},"179":{"start":{"line":180,"column":0},"end":{"line":180,"column":24}},"180":{"start":{"line":181,"column":0},"end":{"line":181,"column":63}},"181":{"start":{"line":182,"column":0},"end":{"line":182,"column":46}},"182":{"start":{"line":183,"column":0},"end":{"line":183,"column":47}},"183":{"start":{"line":184,"column":0},"end":{"line":184,"column":27}},"184":{"start":{"line":185,"column":0},"end":{"line":185,"column":39}},"185":{"start":{"line":186,"column":0},"end":{"line":186,"column":41}},"186":{"start":{"line":187,"column":0},"end":{"line":187,"column":13}},"187":{"start":{"line":188,"column":0},"end":{"line":188,"column":16}},"188":{"start":{"line":189,"column":0},"end":{"line":189,"column":52}},"189":{"start":{"line":190,"column":0},"end":{"line":190,"column":58}},"190":{"start":{"line":191,"column":0},"end":{"line":191,"column":13}},"191":{"start":{"line":192,"column":0},"end":{"line":192,"column":9}},"192":{"start":{"line":193,"column":0},"end":{"line":193,"column":7}},"193":{"start":{"line":194,"column":0},"end":{"line":194,"column":5}},"194":{"start":{"line":195,"column":0},"end":{"line":195,"column":32}},"195":{"start":{"line":196,"column":0},"end":{"line":196,"column":24}},"196":{"start":{"line":197,"column":0},"end":{"line":197,"column":5}},"197":{"start":{"line":198,"column":0},"end":{"line":198,"column":3}},"198":{"start":{"line":199,"column":0},"end":{"line":199,"column":12}},"199":{"start":{"line":200,"column":0},"end":{"line":200,"column":28}},"200":{"start":{"line":201,"column":0},"end":{"line":201,"column":3}},"201":{"start":{"line":202,"column":0},"end":{"line":202,"column":25}},"202":{"start":{"line":203,"column":0},"end":{"line":203,"column":26}},"203":{"start":{"line":204,"column":0},"end":{"line":204,"column":3}},"204":{"start":{"line":205,"column":0},"end":{"line":205,"column":25}},"205":{"start":{"line":206,"column":0},"end":{"line":206,"column":26}},"206":{"start":{"line":207,"column":0},"end":{"line":207,"column":3}},"207":{"start":{"line":208,"column":0},"end":{"line":208,"column":24}},"208":{"start":{"line":209,"column":0},"end":{"line":209,"column":25}},"209":{"start":{"line":210,"column":0},"end":{"line":210,"column":3}},"210":{"start":{"line":211,"column":0},"end":{"line":211,"column":24}},"211":{"start":{"line":212,"column":0},"end":{"line":212,"column":25}},"212":{"start":{"line":213,"column":0},"end":{"line":213,"column":3}},"213":{"start":{"line":214,"column":0},"end":{"line":214,"column":1}},"214":{"start":{"line":215,"column":0},"end":{"line":215,"column":0}},"215":{"start":{"line":216,"column":0},"end":{"line":216,"column":30}},"216":{"start":{"line":217,"column":0},"end":{"line":217,"column":0}},"217":{"start":{"line":218,"column":0},"end":{"line":218,"column":19}}},"s":{"0":1,"1":1,"2":1,"3":1,"4":1,"5":1,"6":1,"7":1,"8":1,"9":1,"10":1,"11":62,"12":62,"13":62,"14":62,"15":443,"16":443,"17":62,"18":62,"19":62,"20":1,"21":44,"22":1,"23":44,"24":43,"25":43,"26":44,"27":1,"28":1,"29":1,"30":1,"31":1,"32":1,"33":18,"34":1,"35":1,"36":1,"37":44,"38":44,"39":1,"40":44,"41":44,"42":44,"43":31,"44":31,"45":31,"46":44,"47":13,"48":13,"49":16,"50":1,"51":1,"52":1,"53":13,"54":13,"55":12,"56":12,"57":12,"58":13,"59":44,"60":44,"61":1,"62":1,"63":44,"64":1,"65":4,"66":4,"67":3,"68":3,"69":3,"70":3,"71":0,"72":0,"73":3,"74":0,"75":0,"76":0,"77":0,"78":0,"79":0,"80":0,"81":0,"82":0,"83":0,"84":0,"85":4,"86":1,"87":1,"88":4,"89":1,"90":10,"91":10,"92":5,"93":5,"94":5,"95":5,"96":0,"97":0,"98":5,"99":0,"100":0,"101":0,"102":0,"103":0,"104":0,"105":0,"106":0,"107":0,"108":0,"109":0,"110":5,"111":5,"112":5,"113":10,"114":1,"115":1,"116":1,"117":1,"118":1,"119":1,"120":1,"121":1,"122":1,"123":1,"124":0,"125":0,"126":0,"127":0,"128":0,"129":0,"130":0,"131":1,"132":1,"133":1,"134":2,"135":29,"136":16,"137":16,"138":29,"139":2,"140":2,"141":2,"142":2,"143":2,"144":1,"145":0,"146":0,"147":0,"148":0,"149":0,"150":0,"151":0,"152":0,"153":0,"154":0,"155":0,"156":0,"157":0,"158":0,"159":0,"160":0,"161":1,"162":0,"163":0,"164":0,"165":0,"166":0,"167":0,"168":0,"169":0,"170":0,"171":0,"172":0,"173":0,"174":0,"175":0,"176":0,"177":0,"178":1,"179":1,"180":1,"181":16,"182":13,"183":10,"184":10,"185":10,"186":10,"187":13,"188":3,"189":8,"190":3,"191":3,"192":13,"193":16,"194":1,"195":1,"196":1,"197":1,"198":1,"199":0,"200":0,"201":1,"202":43,"203":43,"204":1,"205":1,"206":1,"207":1,"208":31,"209":31,"210":1,"211":1,"212":1,"213":1,"214":1,"215":1,"216":1,"217":1},"branchMap":{"0":{"type":"branch","line":4,"loc":{"start":{"line":4,"column":2},"end":{"line":10,"column":3}},"locations":[{"start":{"line":4,"column":2},"end":{"line":10,"column":3}}]},"1":{"type":"branch","line":11,"loc":{"start":{"line":11,"column":2},"end":{"line":20,"column":3}},"locations":[{"start":{"line":11,"column":2},"end":{"line":20,"column":3}}]},"2":{"type":"branch","line":15,"loc":{"start":{"line":15,"column":44},"end":{"line":17,"column":5}},"locations":[{"start":{"line":15,"column":44},"end":{"line":17,"column":5}}]},"3":{"type":"branch","line":21,"loc":{"start":{"line":21,"column":2},"end":{"line":27,"column":3}},"locations":[{"start":{"line":21,"column":2},"end":{"line":27,"column":3}}]},"4":{"type":"branch","line":22,"loc":{"start":{"line":22,"column":49},"end":{"line":24,"column":5}},"locations":[{"start":{"line":22,"column":49},"end":{"line":24,"column":5}}]},"5":{"type":"branch","line":24,"loc":{"start":{"line":24,"column":5},"end":{"line":26,"column":5}},"locations":[{"start":{"line":24,"column":5},"end":{"line":26,"column":5}}]},"6":{"type":"branch","line":28,"loc":{"start":{"line":28,"column":2},"end":{"line":36,"column":3}},"locations":[{"start":{"line":28,"column":2},"end":{"line":36,"column":3}}]},"7":{"type":"branch","line":33,"loc":{"start":{"line":33,"column":26},"end":{"line":35,"column":5}},"locations":[{"start":{"line":33,"column":26},"end":{"line":35,"column":5}}]},"8":{"type":"branch","line":37,"loc":{"start":{"line":37,"column":2},"end":{"line":39,"column":3}},"locations":[{"start":{"line":37,"column":2},"end":{"line":39,"column":3}}]},"9":{"type":"branch","line":40,"loc":{"start":{"line":40,"column":2},"end":{"line":64,"column":3}},"locations":[{"start":{"line":40,"column":2},"end":{"line":64,"column":3}}]},"10":{"type":"branch","line":43,"loc":{"start":{"line":43,"column":43},"end":{"line":47,"column":5}},"locations":[{"start":{"line":43,"column":43},"end":{"line":47,"column":5}}]},"11":{"type":"branch","line":47,"loc":{"start":{"line":47,"column":5},"end":{"line":59,"column":5}},"locations":[{"start":{"line":47,"column":5},"end":{"line":59,"column":5}}]},"12":{"type":"branch","line":55,"loc":{"start":{"line":55,"column":27},"end":{"line":58,"column":7}},"locations":[{"start":{"line":55,"column":27},"end":{"line":58,"column":7}}]},"13":{"type":"branch","line":61,"loc":{"start":{"line":61,"column":32},"end":{"line":63,"column":5}},"locations":[{"start":{"line":61,"column":32},"end":{"line":63,"column":5}}]},"14":{"type":"branch","line":49,"loc":{"start":{"line":49,"column":35},"end":{"line":54,"column":7}},"locations":[{"start":{"line":49,"column":35},"end":{"line":54,"column":7}}]},"15":{"type":"branch","line":50,"loc":{"start":{"line":50,"column":33},"end":{"line":53,"column":9}},"locations":[{"start":{"line":50,"column":33},"end":{"line":53,"column":9}}]},"16":{"type":"branch","line":65,"loc":{"start":{"line":65,"column":2},"end":{"line":89,"column":3}},"locations":[{"start":{"line":65,"column":2},"end":{"line":89,"column":3}}]},"17":{"type":"branch","line":67,"loc":{"start":{"line":67,"column":43},"end":{"line":86,"column":5}},"locations":[{"start":{"line":67,"column":43},"end":{"line":86,"column":5}}]},"18":{"type":"branch","line":71,"loc":{"start":{"line":71,"column":9},"end":{"line":73,"column":9}},"locations":[{"start":{"line":71,"column":9},"end":{"line":73,"column":9}}]},"19":{"type":"branch","line":74,"loc":{"start":{"line":74,"column":7},"end":{"line":85,"column":7}},"locations":[{"start":{"line":74,"column":7},"end":{"line":85,"column":7}}]},"20":{"type":"branch","line":86,"loc":{"start":{"line":86,"column":5},"end":{"line":88,"column":5}},"locations":[{"start":{"line":86,"column":5},"end":{"line":88,"column":5}}]},"21":{"type":"branch","line":90,"loc":{"start":{"line":90,"column":2},"end":{"line":114,"column":3}},"locations":[{"start":{"line":90,"column":2},"end":{"line":114,"column":3}}]},"22":{"type":"branch","line":92,"loc":{"start":{"line":92,"column":43},"end":{"line":113,"column":5}},"locations":[{"start":{"line":92,"column":43},"end":{"line":113,"column":5}}]},"23":{"type":"branch","line":96,"loc":{"start":{"line":96,"column":9},"end":{"line":98,"column":9}},"locations":[{"start":{"line":96,"column":9},"end":{"line":98,"column":9}}]},"24":{"type":"branch","line":99,"loc":{"start":{"line":99,"column":7},"end":{"line":110,"column":7}},"locations":[{"start":{"line":99,"column":7},"end":{"line":110,"column":7}}]},"25":{"type":"branch","line":115,"loc":{"start":{"line":115,"column":2},"end":{"line":133,"column":3}},"locations":[{"start":{"line":115,"column":2},"end":{"line":133,"column":3}}]},"26":{"type":"branch","line":124,"loc":{"start":{"line":124,"column":7},"end":{"line":131,"column":7}},"locations":[{"start":{"line":124,"column":7},"end":{"line":131,"column":7}}]},"27":{"type":"branch","line":134,"loc":{"start":{"line":134,"column":2},"end":{"line":144,"column":3}},"locations":[{"start":{"line":134,"column":2},"end":{"line":144,"column":3}}]},"28":{"type":"branch","line":135,"loc":{"start":{"line":135,"column":62},"end":{"line":139,"column":5}},"locations":[{"start":{"line":135,"column":62},"end":{"line":139,"column":5}}]},"29":{"type":"branch","line":136,"loc":{"start":{"line":136,"column":45},"end":{"line":138,"column":7}},"locations":[{"start":{"line":136,"column":45},"end":{"line":138,"column":7}}]},"30":{"type":"branch","line":179,"loc":{"start":{"line":179,"column":2},"end":{"line":198,"column":3}},"locations":[{"start":{"line":179,"column":2},"end":{"line":198,"column":3}}]},"31":{"type":"branch","line":181,"loc":{"start":{"line":181,"column":62},"end":{"line":195,"column":31}},"locations":[{"start":{"line":181,"column":62},"end":{"line":195,"column":31}}]},"32":{"type":"branch","line":182,"loc":{"start":{"line":182,"column":45},"end":{"line":193,"column":7}},"locations":[{"start":{"line":182,"column":45},"end":{"line":193,"column":7}}]},"33":{"type":"branch","line":183,"loc":{"start":{"line":183,"column":46},"end":{"line":188,"column":9}},"locations":[{"start":{"line":183,"column":46},"end":{"line":188,"column":9}}]},"34":{"type":"branch","line":188,"loc":{"start":{"line":188,"column":9},"end":{"line":192,"column":9}},"locations":[{"start":{"line":188,"column":9},"end":{"line":192,"column":9}}]},"35":{"type":"branch","line":189,"loc":{"start":{"line":189,"column":39},"end":{"line":191,"column":11}},"locations":[{"start":{"line":189,"column":39},"end":{"line":191,"column":11}}]},"36":{"type":"branch","line":202,"loc":{"start":{"line":202,"column":2},"end":{"line":204,"column":3}},"locations":[{"start":{"line":202,"column":2},"end":{"line":204,"column":3}}]},"37":{"type":"branch","line":205,"loc":{"start":{"line":205,"column":2},"end":{"line":207,"column":3}},"locations":[{"start":{"line":205,"column":2},"end":{"line":207,"column":3}}]},"38":{"type":"branch","line":208,"loc":{"start":{"line":208,"column":2},"end":{"line":210,"column":3}},"locations":[{"start":{"line":208,"column":2},"end":{"line":210,"column":3}}]},"39":{"type":"branch","line":211,"loc":{"start":{"line":211,"column":2},"end":{"line":213,"column":3}},"locations":[{"start":{"line":211,"column":2},"end":{"line":213,"column":3}}]}},"b":{"0":[1],"1":[62],"2":[443],"3":[44],"4":[1],"5":[43],"6":[1],"7":[18],"8":[44],"9":[44],"10":[31],"11":[13],"12":[12],"13":[1],"14":[16],"15":[1],"16":[4],"17":[3],"18":[0],"19":[0],"20":[1],"21":[10],"22":[5],"23":[0],"24":[0],"25":[1],"26":[0],"27":[2],"28":[29],"29":[16],"30":[1],"31":[16],"32":[13],"33":[10],"34":[3],"35":[8],"36":[43],"37":[1],"38":[31],"39":[1]},"fnMap":{"0":{"name":"HashMap","decl":{"start":{"line":4,"column":2},"end":{"line":10,"column":3}},"loc":{"start":{"line":4,"column":2},"end":{"line":10,"column":3}},"line":4},"1":{"name":"hash","decl":{"start":{"line":11,"column":2},"end":{"line":20,"column":3}},"loc":{"start":{"line":11,"column":2},"end":{"line":20,"column":3}},"line":11},"2":{"name":"checkLoadFactor","decl":{"start":{"line":21,"column":2},"end":{"line":27,"column":3}},"loc":{"start":{"line":21,"column":2},"end":{"line":27,"column":3}},"line":21},"3":{"name":"updateHashMapSize","decl":{"start":{"line":28,"column":2},"end":{"line":36,"column":3}},"loc":{"start":{"line":28,"column":2},"end":{"line":36,"column":3}},"line":28},"4":{"name":"createBucket","decl":{"start":{"line":37,"column":2},"end":{"line":39,"column":3}},"loc":{"start":{"line":37,"column":2},"end":{"line":39,"column":3}},"line":37},"5":{"name":"set","decl":{"start":{"line":40,"column":2},"end":{"line":64,"column":3}},"loc":{"start":{"line":40,"column":2},"end":{"line":64,"column":3}},"line":40},"6":{"name":"get","decl":{"start":{"line":65,"column":2},"end":{"line":89,"column":3}},"loc":{"start":{"line":65,"column":2},"end":{"line":89,"column":3}},"line":65},"7":{"name":"has","decl":{"start":{"line":90,"column":2},"end":{"line":114,"column":3}},"loc":{"start":{"line":90,"column":2},"end":{"line":114,"column":3}},"line":90},"8":{"name":"remove","decl":{"start":{"line":115,"column":2},"end":{"line":133,"column":3}},"loc":{"start":{"line":115,"column":2},"end":{"line":133,"column":3}},"line":115},"9":{"name":"clear","decl":{"start":{"line":134,"column":2},"end":{"line":144,"column":3}},"loc":{"start":{"line":134,"column":2},"end":{"line":144,"column":3}},"line":134},"10":{"name":"keys","decl":{"start":{"line":145,"column":2},"end":{"line":161,"column":3}},"loc":{"start":{"line":145,"column":2},"end":{"line":161,"column":3}},"line":145},"11":{"name":"values","decl":{"start":{"line":162,"column":2},"end":{"line":178,"column":3}},"loc":{"start":{"line":162,"column":2},"end":{"line":178,"column":3}},"line":162},"12":{"name":"entries","decl":{"start":{"line":179,"column":2},"end":{"line":198,"column":3}},"loc":{"start":{"line":179,"column":2},"end":{"line":198,"column":3}},"line":179},"13":{"name":"length","decl":{"start":{"line":199,"column":2},"end":{"line":201,"column":3}},"loc":{"start":{"line":199,"column":2},"end":{"line":201,"column":3}},"line":199},"14":{"name":"increaseNumElements","decl":{"start":{"line":202,"column":2},"end":{"line":204,"column":3}},"loc":{"start":{"line":202,"column":2},"end":{"line":204,"column":3}},"line":202},"15":{"name":"decreaseNumElements","decl":{"start":{"line":205,"column":2},"end":{"line":207,"column":3}},"loc":{"start":{"line":205,"column":2},"end":{"line":207,"column":3}},"line":205},"16":{"name":"increaseNumBuckets","decl":{"start":{"line":208,"column":2},"end":{"line":210,"column":3}},"loc":{"start":{"line":208,"column":2},"end":{"line":210,"column":3}},"line":208},"17":{"name":"decreaseNumBuckets","decl":{"start":{"line":211,"column":2},"end":{"line":213,"column":3}},"loc":{"start":{"line":211,"column":2},"end":{"line":213,"column":3}},"line":211}},"f":{"0":1,"1":62,"2":44,"3":1,"4":44,"5":44,"6":4,"7":10,"8":1,"9":2,"10":0,"11":0,"12":1,"13":0,"14":43,"15":1,"16":31,"17":1}}
,"/home/ales/repos/hash-map/src/style.css": {"path":"/home/ales/repos/hash-map/src/style.css","all":false,"statementMap":{"0":{"start":{"line":1,"column":0},"end":{"line":1,"column":0}}},"s":{"0":1},"branchMap":{},"b":{},"fnMap":{},"f":{}}
}
