TN:
SF:src/index.js
FN:4,HashMap
FN:11,hash
FN:21,checkLoadFactor
FN:28,updateHashMapSize
FN:37,createBucket
FN:40,set
FN:65,get
FN:90,has
FN:115,remove
FN:134,clear
FN:145,keys
FN:162,values
FN:179,entries
FN:199,length
FN:202,increaseNumElements
FN:205,decreaseNumElements
FN:208,increaseNumBuckets
FN:211,decreaseNumBuckets
FNF:18
FNH:15
FNDA:1,HashMap
FNDA:62,hash
FNDA:44,checkLoadFactor
FNDA:1,updateHashMapSize
FNDA:44,createBucket
FNDA:44,set
FNDA:4,get
FNDA:10,has
FNDA:1,remove
FNDA:2,clear
FNDA:0,keys
FNDA:0,values
FNDA:1,entries
FNDA:0,length
FNDA:43,increaseNumElements
FNDA:1,decreaseNumElements
FNDA:31,increaseNumBuckets
FNDA:1,decreaseNumBuckets
DA:1,1
DA:2,1
DA:3,1
DA:4,1
DA:5,1
DA:6,1
DA:7,1
DA:8,1
DA:9,1
DA:10,1
DA:11,1
DA:12,62
DA:13,62
DA:14,62
DA:15,62
DA:16,443
DA:17,443
DA:18,62
DA:19,62
DA:20,62
DA:21,1
DA:22,44
DA:23,1
DA:24,44
DA:25,43
DA:26,43
DA:27,44
DA:28,1
DA:29,1
DA:30,1
DA:31,1
DA:32,1
DA:33,1
DA:34,18
DA:35,1
DA:36,1
DA:37,1
DA:38,44
DA:39,44
DA:40,1
DA:41,44
DA:42,44
DA:43,44
DA:44,31
DA:45,31
DA:46,31
DA:47,44
DA:48,13
DA:49,13
DA:50,16
DA:51,1
DA:52,1
DA:53,1
DA:54,13
DA:55,13
DA:56,12
DA:57,12
DA:58,12
DA:59,13
DA:60,44
DA:61,44
DA:62,1
DA:63,1
DA:64,44
DA:65,1
DA:66,4
DA:67,4
DA:68,3
DA:69,3
DA:70,3
DA:71,3
DA:72,0
DA:73,0
DA:74,3
DA:75,0
DA:76,0
DA:77,0
DA:78,0
DA:79,0
DA:80,0
DA:81,0
DA:82,0
DA:83,0
DA:84,0
DA:85,0
DA:86,4
DA:87,1
DA:88,1
DA:89,4
DA:90,1
DA:91,10
DA:92,10
DA:93,5
DA:94,5
DA:95,5
DA:96,5
DA:97,0
DA:98,0
DA:99,5
DA:100,0
DA:101,0
DA:102,0
DA:103,0
DA:104,0
DA:105,0
DA:106,0
DA:107,0
DA:108,0
DA:109,0
DA:110,0
DA:111,5
DA:112,5
DA:113,5
DA:114,10
DA:115,1
DA:116,1
DA:117,1
DA:118,1
DA:119,1
DA:120,1
DA:121,1
DA:122,1
DA:123,1
DA:124,1
DA:125,0
DA:126,0
DA:127,0
DA:128,0
DA:129,0
DA:130,0
DA:131,0
DA:132,1
DA:133,1
DA:134,1
DA:135,2
DA:136,29
DA:137,16
DA:138,16
DA:139,29
DA:140,2
DA:141,2
DA:142,2
DA:143,2
DA:144,2
DA:145,1
DA:146,0
DA:147,0
DA:148,0
DA:149,0
DA:150,0
DA:151,0
DA:152,0
DA:153,0
DA:154,0
DA:155,0
DA:156,0
DA:157,0
DA:158,0
DA:159,0
DA:160,0
DA:161,0
DA:162,1
DA:163,0
DA:164,0
DA:165,0
DA:166,0
DA:167,0
DA:168,0
DA:169,0
DA:170,0
DA:171,0
DA:172,0
DA:173,0
DA:174,0
DA:175,0
DA:176,0
DA:177,0
DA:178,0
DA:179,1
DA:180,1
DA:181,1
DA:182,16
DA:183,13
DA:184,10
DA:185,10
DA:186,10
DA:187,10
DA:188,13
DA:189,3
DA:190,8
DA:191,3
DA:192,3
DA:193,13
DA:194,16
DA:195,1
DA:196,1
DA:197,1
DA:198,1
DA:199,1
DA:200,0
DA:201,0
DA:202,1
DA:203,43
DA:204,43
DA:205,1
DA:206,1
DA:207,1
DA:208,1
DA:209,31
DA:210,31
DA:211,1
DA:212,1
DA:213,1
DA:214,1
DA:215,1
DA:216,1
DA:217,1
DA:218,1
LF:218
LH:151
BRDA:4,0,0,1
BRDA:11,1,0,62
BRDA:15,2,0,443
BRDA:21,3,0,44
BRDA:22,4,0,1
BRDA:24,5,0,43
BRDA:28,6,0,1
BRDA:33,7,0,18
BRDA:37,8,0,44
BRDA:40,9,0,44
BRDA:43,10,0,31
BRDA:47,11,0,13
BRDA:55,12,0,12
BRDA:61,13,0,1
BRDA:49,14,0,16
BRDA:50,15,0,1
BRDA:65,16,0,4
BRDA:67,17,0,3
BRDA:71,18,0,0
BRDA:74,19,0,0
BRDA:86,20,0,1
BRDA:90,21,0,10
BRDA:92,22,0,5
BRDA:96,23,0,0
BRDA:99,24,0,0
BRDA:115,25,0,1
BRDA:124,26,0,0
BRDA:134,27,0,2
BRDA:135,28,0,29
BRDA:136,29,0,16
BRDA:179,30,0,1
BRDA:181,31,0,16
BRDA:182,32,0,13
BRDA:183,33,0,10
BRDA:188,34,0,3
BRDA:189,35,0,8
BRDA:202,36,0,43
BRDA:205,37,0,1
BRDA:208,38,0,31
BRDA:211,39,0,1
BRF:40
BRH:35
end_of_record
TN:
SF:src/style.css
FNF:0
FNH:0
DA:1,1
LF:1
LH:1
BRF:0
BRH:0
end_of_record
