TN:
SF:src/index.js
FN:4,HashMap
FN:11,hash
FN:21,checkLoadFactor
FN:28,updateLoadFactorAndStoreLimit
FN:32,createBucket
FN:35,set
FN:57,get
FN:82,has
FN:107,remove
FNF:9
FNH:7
FNDA:1,HashMap
FNDA:12,hash
FNDA:3,checkLoadFactor
FNDA:0,updateLoadFactorAndStoreLimit
FNDA:3,createBucket
FNDA:3,set
FNDA:2,get
FNDA:2,has
FNDA:0,remove
DA:1,1
DA:2,1
DA:3,1
DA:4,1
DA:5,1
DA:6,1
DA:7,1
DA:8,1
DA:9,1
DA:10,1
DA:11,1
DA:12,12
DA:13,12
DA:14,12
DA:15,12
DA:16,85
DA:17,85
DA:18,12
DA:19,12
DA:20,12
DA:21,1
DA:22,3
DA:23,0
DA:24,3
DA:25,3
DA:26,3
DA:27,3
DA:28,1
DA:29,0
DA:30,0
DA:31,0
DA:32,1
DA:33,3
DA:34,3
DA:35,1
DA:36,3
DA:37,3
DA:38,3
DA:39,1
DA:40,3
DA:41,2
DA:42,2
DA:43,2
DA:44,2
DA:45,2
DA:46,2
DA:47,2
DA:48,2
DA:49,0
DA:50,0
DA:51,2
DA:52,3
DA:53,3
DA:54,0
DA:55,0
DA:56,3
DA:57,1
DA:58,2
DA:59,2
DA:60,1
DA:61,1
DA:62,1
DA:63,1
DA:64,0
DA:65,0
DA:66,1
DA:67,0
DA:68,0
DA:69,0
DA:70,0
DA:71,0
DA:72,0
DA:73,0
DA:74,0
DA:75,0
DA:76,0
DA:77,0
DA:78,1
DA:79,1
DA:80,1
DA:81,2
DA:82,1
DA:83,2
DA:84,2
DA:85,1
DA:86,1
DA:87,1
DA:88,1
DA:89,0
DA:90,0
DA:91,1
DA:92,0
DA:93,0
DA:94,0
DA:95,0
DA:96,0
DA:97,0
DA:98,0
DA:99,0
DA:100,0
DA:101,0
DA:102,0
DA:103,1
DA:104,1
DA:105,1
DA:106,2
DA:107,1
DA:108,0
DA:109,0
DA:110,0
DA:111,0
DA:112,0
DA:113,0
DA:114,0
DA:115,0
DA:116,1
DA:117,1
DA:118,1
DA:119,1
DA:120,1
LF:120
LH:78
BRDA:4,0,0,1
BRDA:11,1,0,12
BRDA:15,2,0,85
BRDA:21,3,0,3
BRDA:22,4,0,0
BRDA:32,5,0,3
BRDA:35,6,0,3
BRDA:38,7,0,1
BRDA:40,8,0,2
BRDA:48,9,0,0
BRDA:53,10,0,0
BRDA:42,11,0,2
BRDA:57,12,0,2
BRDA:59,13,0,1
BRDA:63,14,0,0
BRDA:66,15,0,0
BRDA:82,16,0,2
BRDA:84,17,0,1
BRDA:88,18,0,0
BRDA:91,19,0,0
BRF:20
BRH:13
end_of_record
TN:
SF:src/style.css
FNF:0
FNH:0
DA:1,1
LF:1
LH:1
BRF:0
BRH:0
end_of_record
